2021-05-12 16:14:42,686 {INFO} com.example.demo.LogggbootApplication {restartedMain} Starting LogggbootApplication using Java 15.0.2 on ojas-dd395 with PID 5852 (C:\Users\na21153\Documents\workspace-spring-tool-suite-4-4.10.0.RELEASE\LOGGGBOOT\target\classes started by na21153 in C:\Users\na21153\Documents\workspace-spring-tool-suite-4-4.10.0.RELEASE\LOGGGBOOT)
2021-05-12 16:14:42,690 {INFO} com.example.demo.LogggbootApplication {restartedMain} No active profile set, falling back to default profiles: default
2021-05-12 16:14:42,801 {INFO} org.springframework.boot.devtools.env.DevToolsPropertyDefaultsPostProcessor {restartedMain} Devtools property defaults active! Set 'spring.devtools.add-properties' to 'false' to disable
2021-05-12 16:14:42,802 {INFO} org.springframework.boot.devtools.env.DevToolsPropertyDefaultsPostProcessor {restartedMain} For additional web related logging consider setting the 'logging.level.web' property to 'DEBUG'
2021-05-12 16:14:44,115 {INFO} org.springframework.boot.web.embedded.tomcat.TomcatWebServer {restartedMain} Tomcat initialized with port(s): 8080 (http)
2021-05-12 16:14:44,134 {INFO} org.apache.catalina.core.StandardService {restartedMain} Starting service [Tomcat]
2021-05-12 16:14:44,135 {INFO} org.apache.catalina.core.StandardEngine {restartedMain} Starting Servlet engine: [Apache Tomcat/9.0.45]
2021-05-12 16:14:44,261 {INFO} org.apache.catalina.core.ContainerBase.[Tomcat].[localhost].[/] {restartedMain} Initializing Spring embedded WebApplicationContext
2021-05-12 16:14:44,261 {INFO} org.springframework.boot.web.servlet.context.ServletWebServerApplicationContext {restartedMain} Root WebApplicationContext: initialization completed in 1459 ms
2021-05-12 16:14:44,501 {INFO} org.springframework.scheduling.concurrent.ThreadPoolTaskExecutor {restartedMain} Initializing ExecutorService 'applicationTaskExecutor'
2021-05-12 16:14:44,791 {INFO} org.springframework.boot.devtools.autoconfigure.OptionalLiveReloadServer {restartedMain} LiveReload server is running on port 35729
2021-05-12 16:14:44,852 {INFO} org.springframework.boot.web.embedded.tomcat.TomcatWebServer {restartedMain} Tomcat started on port(s): 8080 (http) with context path ''
2021-05-12 16:14:44,859 {INFO} com.example.demo.LogggbootApplication {restartedMain} Started LogggbootApplication in 2.877 seconds (JVM running for 3.866)
2021-05-12 16:14:54,406 {INFO} org.apache.catalina.core.ContainerBase.[Tomcat].[localhost].[/] {http-nio-8080-exec-1} Initializing Spring DispatcherServlet 'dispatcherServlet'
2021-05-12 16:14:54,406 {INFO} org.springframework.web.servlet.DispatcherServlet {http-nio-8080-exec-1} Initializing Servlet 'dispatcherServlet'
2021-05-12 16:14:54,406 {INFO} org.springframework.web.servlet.DispatcherServlet {http-nio-8080-exec-1} Completed initialization in 0 ms
2021-05-12 16:16:38,582 {INFO} org.springframework.scheduling.concurrent.ThreadPoolTaskExecutor {Thread-5} Shutting down ExecutorService 'applicationTaskExecutor'
2021-05-12 16:16:38,646 {INFO} com.example.demo.LogggbootApplication {restartedMain} Starting LogggbootApplication using Java 15.0.2 on ojas-dd395 with PID 5852 (C:\Users\na21153\Documents\workspace-spring-tool-suite-4-4.10.0.RELEASE\LOGGGBOOT\target\classes started by na21153 in C:\Users\na21153\Documents\workspace-spring-tool-suite-4-4.10.0.RELEASE\LOGGGBOOT)
2021-05-12 16:16:38,646 {INFO} com.example.demo.LogggbootApplication {restartedMain} No active profile set, falling back to default profiles: default
2021-05-12 16:16:38,767 {INFO} org.springframework.boot.web.embedded.tomcat.TomcatWebServer {restartedMain} Tomcat initialized with port(s): 8080 (http)
2021-05-12 16:16:38,768 {INFO} org.apache.catalina.core.StandardService {restartedMain} Starting service [Tomcat]
2021-05-12 16:16:38,768 {INFO} org.apache.catalina.core.StandardEngine {restartedMain} Starting Servlet engine: [Apache Tomcat/9.0.45]
2021-05-12 16:16:38,804 {INFO} org.apache.catalina.core.ContainerBase.[Tomcat].[localhost].[/] {restartedMain} Initializing Spring embedded WebApplicationContext
2021-05-12 16:16:38,804 {INFO} org.springframework.boot.web.servlet.context.ServletWebServerApplicationContext {restartedMain} Root WebApplicationContext: initialization completed in 156 ms
2021-05-12 16:16:38,825 {INFO} org.springframework.scheduling.concurrent.ThreadPoolTaskExecutor {restartedMain} Initializing ExecutorService 'applicationTaskExecutor'
2021-05-12 16:16:38,843 {INFO} org.springframework.boot.devtools.autoconfigure.OptionalLiveReloadServer {restartedMain} LiveReload server is running on port 35729
2021-05-12 16:16:38,850 {INFO} org.springframework.boot.web.embedded.tomcat.TomcatWebServer {restartedMain} Tomcat started on port(s): 8080 (http) with context path ''
2021-05-12 16:16:38,852 {INFO} com.example.demo.LogggbootApplication {restartedMain} Started LogggbootApplication in 0.231 seconds (JVM running for 117.86)
2021-05-12 16:16:38,854 {INFO} org.springframework.boot.devtools.autoconfigure.ConditionEvaluationDeltaLoggingListener {restartedMain} Condition evaluation unchanged
2021-05-12 16:20:12,239 {INFO} org.springframework.boot.admin.SpringApplicationAdminMXBeanRegistrar$SpringApplicationAdmin {RMI TCP Connection(18)-127.0.0.1} Application shutdown requested.
2021-05-12 16:20:12,255 {INFO} org.springframework.scheduling.concurrent.ThreadPoolTaskExecutor {RMI TCP Connection(18)-127.0.0.1} Shutting down ExecutorService 'applicationTaskExecutor'
